<?xml version="1.0" encoding="UTF-8"?>
<!-- Generated by org.testng.reporters.JUnitReportReporter -->
<testsuite hostname="Sarojpriya" failures="0" tests="3" name="TestNG.ManyClassesProgramm" time="0.019" errors="0" timestamp="2024-05-08T06:38:09 IST" skipped="0">
  <testcase classname="TestNG.ManyClassesProgramm" name="testcase3" time="0.015"/>
  <system-out/>
  <testcase classname="TestNG.ManyClassesProgramm" name="testcase4" time="0.002"/>
  <system-out/>
  <testcase classname="TestNG.ManyClassesProgramm" name="testcase5" time="0.002"/>
  <system-out/>
</testsuite> <!-- TestNG.ManyClassesProgramm -->
