<?xml version="1.0" encoding="UTF-8"?>
<!-- Generated by org.testng.reporters.JUnitReportReporter -->
<testsuite hostname="Sarojpriya" failures="0" tests="2" name="Assignment.LaunchFacebook" time="48.890" errors="0" timestamp="2024-06-17T14:57:55 IST" skipped="0">
  <testcase classname="Assignment.LaunchFacebook" name="launch_facebook" time="24.155"/>
  <system-out/>
  <testcase classname="Assignment.LaunchFacebook" name="launch_facebook" time="24.735"/>
  <system-out/>
</testsuite> <!-- Assignment.LaunchFacebook -->
