<?xml version="1.0" encoding="UTF-8"?>
<!-- Generated by org.testng.reporters.JUnitReportReporter -->
<testsuite hostname="Sarojpriya" failures="0" tests="1" name="TestNG.testprogram1" time="0.032" errors="0" timestamp="2024-05-08T08:16:59 IST" skipped="0">
  <testcase classname="TestNG.testprogram1" name="method" time="0.032"/>
  <system-out/>
</testsuite> <!-- TestNG.testprogram1 -->
