<?xml version="1.0" encoding="UTF-8"?>
<!-- Generated by org.testng.reporters.JUnitReportReporter -->
<testsuite hostname="Sarojpriya" failures="0" tests="1" name="newpackage.TestCase4" time="11.769" errors="0" timestamp="2024-05-08T21:33:43 IST" skipped="0">
  <testcase classname="newpackage.TestCase4" name="amazon_cart" time="11.769"/>
  <system-out/>
</testsuite> <!-- newpackage.TestCase4 -->
