<?xml version="1.0" encoding="UTF-8"?>
<!-- Generated by org.testng.reporters.JUnitReportReporter -->
<testsuite hostname="Sarojpriya" failures="0" tests="1" name="TestNG.Add2productinamazon" time="49.586" errors="0" timestamp="2024-06-16T18:09:36 IST" skipped="0">
  <testcase classname="TestNG.Add2productinamazon" name="addproduct" time="49.586"/>
  <system-out/>
</testsuite> <!-- TestNG.Add2productinamazon -->
