<?xml version="1.0" encoding="UTF-8"?>
<!-- Generated by org.testng.reporters.JUnitReportReporter -->
<testsuite hostname="Sarojpriya" failures="0" tests="1" name="TestNG.Flipcart_search" time="20.094" errors="0" timestamp="2024-06-11T08:08:13 IST" skipped="0">
  <testcase classname="TestNG.Flipcart_search" name="Search_flipcart" time="20.094"/>
  <system-out/>
</testsuite> <!-- TestNG.Flipcart_search -->
