<?xml version="1.0" encoding="UTF-8"?>
<!-- Generated by org.testng.reporters.JUnitReportReporter -->
<testsuite hostname="Sarojpriya" failures="0" tests="2" name="TestNG.WebDriverUpcasting" time="19.626" errors="0" timestamp="2024-05-03T16:49:44 IST" skipped="0">
  <testcase classname="TestNG.WebDriverUpcasting" name="lunchbrowser" time="7.641"/>
  <system-out/>
  <testcase classname="TestNG.WebDriverUpcasting" name="lunchfirefox" time="11.985"/>
  <system-out/>
</testsuite> <!-- TestNG.WebDriverUpcasting -->
