<?xml version="1.0" encoding="UTF-8"?>
<!-- Generated by org.testng.reporters.JUnitReportReporter -->
<testsuite hostname="Sarojpriya" failures="0" tests="1" name="TestNG.test" time="0.068" errors="0" timestamp="2024-05-08T08:16:23 IST" skipped="0">
  <testcase classname="TestNG.test" name="method" time="0.068"/>
  <system-out/>
</testsuite> <!-- TestNG.test -->
