<?xml version="1.0" encoding="UTF-8"?>
<!-- Generated by org.testng.reporters.JUnitReportReporter -->
<testsuite hostname="Sarojpriya" failures="0" tests="2" name="TestNG.Testcase2" time="0.018" errors="0" timestamp="2024-05-04T17:42:57 IST" skipped="0">
  <testcase classname="TestNG.Testcase2" name="method1" time="0.003"/>
  <system-out/>
  <testcase classname="TestNG.Testcase2" name="method" time="0.015"/>
  <system-out/>
</testsuite> <!-- TestNG.Testcase2 -->
