<?xml version="1.0" encoding="UTF-8"?>
<!-- Generated by org.testng.reporters.JUnitReportReporter -->
<testsuite hostname="Sarojpriya" failures="0" tests="1" name="TestNG.windowhandler" time="17.233" errors="0" timestamp="2024-05-07T18:08:39 IST" skipped="0">
  <testcase classname="TestNG.windowhandler" name="chrome" time="17.233"/>
  <system-out/>
</testsuite> <!-- TestNG.windowhandler -->
