<?xml version="1.0" encoding="UTF-8"?>
<!-- Generated by org.testng.reporters.JUnitReportReporter -->
<testsuite hostname="Sarojpriya" failures="0" tests="1" name="newpackage.Testcase1" time="11.369" errors="0" timestamp="2024-05-08T21:33:43 IST" skipped="0">
  <testcase classname="newpackage.Testcase1" name="amazon_search" time="11.369"/>
  <system-out/>
</testsuite> <!-- newpackage.Testcase1 -->
