<?xml version="1.0" encoding="UTF-8"?>
<!-- Generated by org.testng.reporters.JUnitReportReporter -->
<testsuite hostname="Sarojpriya" failures="0" tests="5" name="Assignment.PouUpWindowhandle" time="69.737" errors="0" timestamp="2024-05-13T06:27:11 IST" skipped="0">
  <testcase classname="Assignment.PouUpWindowhandle" name="facebook" time="13.855"/>
  <system-out/>
  <testcase classname="Assignment.PouUpWindowhandle" name="facebook" time="12.290"/>
  <system-out/>
  <testcase classname="Assignment.PouUpWindowhandle" name="facebook" time="12.614"/>
  <system-out/>
  <testcase classname="Assignment.PouUpWindowhandle" name="facebook" time="17.497"/>
  <system-out/>
  <testcase classname="Assignment.PouUpWindowhandle" name="facebook" time="13.481"/>
  <system-out/>
</testsuite> <!-- Assignment.PouUpWindowhandle -->
