<?xml version="1.0" encoding="UTF-8"?>
<!-- Generated by org.testng.reporters.JUnitReportReporter -->
<testsuite hostname="Sarojpriya" failures="0" tests="1" name="TestNG.ReportLog" time="9.500" errors="0" timestamp="2024-05-10T19:09:05 IST" skipped="0">
  <testcase classname="TestNG.ReportLog" name="setup" time="9.500"/>
  <system-out>
    <![CDATA[This the testcase to open the gmail ]]>
  </system-out>
</testsuite> <!-- TestNG.ReportLog -->
