<?xml version="1.0" encoding="UTF-8"?>
<!-- Generated by org.testng.reporters.JUnitReportReporter -->
<testsuite hostname="Sarojpriya" failures="0" tests="1" name="newpackage.TestCase2" time="12.008" errors="0" timestamp="2024-05-08T21:33:43 IST" skipped="0">
  <testcase classname="newpackage.TestCase2" name="amazon_click" time="12.008"/>
  <system-out/>
</testsuite> <!-- newpackage.TestCase2 -->
