<?xml version="1.0" encoding="UTF-8"?>
<!-- Generated by org.testng.reporters.JUnitReportReporter -->
<testsuite hostname="Sarojpriya" failures="0" tests="8" name="TestNG.DataProviderinTestNG" time="0.053" errors="0" timestamp="2024-05-20T21:29:58 IST" skipped="0">
  <testcase classname="TestNG.DataProviderinTestNG" name="search" time="0.014"/>
  <system-out/>
  <testcase classname="TestNG.DataProviderinTestNG" name="search" time="0.003"/>
  <system-out/>
  <testcase classname="TestNG.DataProviderinTestNG" name="search" time="0.003"/>
  <system-out/>
  <testcase classname="TestNG.DataProviderinTestNG" name="search" time="0.018"/>
  <system-out/>
  <testcase classname="TestNG.DataProviderinTestNG" name="search" time="0.004"/>
  <system-out/>
  <testcase classname="TestNG.DataProviderinTestNG" name="search" time="0.005"/>
  <system-out/>
  <testcase classname="TestNG.DataProviderinTestNG" name="search" time="0.004"/>
  <system-out/>
  <testcase classname="TestNG.DataProviderinTestNG" name="search" time="0.002"/>
  <system-out/>
</testsuite> <!-- TestNG.DataProviderinTestNG -->
