<?xml version="1.0" encoding="UTF-8"?>
<!-- Generated by org.testng.reporters.JUnitReportReporter -->
<testsuite hostname="Sarojpriya" failures="0" tests="2" name="TestNG.ChromeDriverUpcasting" time="19.020" errors="0" timestamp="2024-05-03T18:06:28 IST" skipped="0">
  <testcase classname="TestNG.ChromeDriverUpcasting" name="search1" time="8.817"/>
  <system-out/>
  <testcase classname="TestNG.ChromeDriverUpcasting" name="search2" time="10.203"/>
  <system-out/>
</testsuite> <!-- TestNG.ChromeDriverUpcasting -->
