<?xml version="1.0" encoding="UTF-8"?>
<!-- Generated by org.testng.reporters.JUnitReportReporter -->
<testsuite hostname="Sarojpriya" failures="0" tests="2" name="TestNG.LaunchGoogleParallel" time="38.070" errors="0" timestamp="2024-06-17T14:27:07 IST" skipped="0">
  <testcase classname="TestNG.LaunchGoogleParallel" name="googleclick" time="19.202"/>
  <system-out/>
  <testcase classname="TestNG.LaunchGoogleParallel" name="googleclick" time="18.868"/>
  <system-out/>
</testsuite> <!-- TestNG.LaunchGoogleParallel -->
