<?xml version="1.0" encoding="UTF-8"?>
<!-- Generated by org.testng.reporters.JUnitReportReporter -->
<testsuite hostname="Sarojpriya" failures="0" tests="10" name="Assignment.test" time="0.095" errors="0" timestamp="2024-05-21T07:09:18 IST" skipped="0">
  <testcase classname="Assignment.test" name="add" time="0.018"/>
  <system-out/>
  <testcase classname="Assignment.test" name="add" time="0.024"/>
  <system-out/>
  <testcase classname="Assignment.test" name="add" time="0.004"/>
  <system-out/>
  <testcase classname="Assignment.test" name="add" time="0.004"/>
  <system-out/>
  <testcase classname="Assignment.test" name="add" time="0.007"/>
  <system-out/>
  <testcase classname="Assignment.test" name="add" time="0.007"/>
  <system-out/>
  <testcase classname="Assignment.test" name="add" time="0.007"/>
  <system-out/>
  <testcase classname="Assignment.test" name="add" time="0.016"/>
  <system-out/>
  <testcase classname="Assignment.test" name="add" time="0.003"/>
  <system-out/>
  <testcase classname="Assignment.test" name="add" time="0.005"/>
  <system-out/>
</testsuite> <!-- Assignment.test -->
