<?xml version="1.0" encoding="UTF-8"?>
<!-- Generated by org.testng.reporters.JUnitReportReporter -->
<testsuite hostname="Sarojpriya" failures="0" tests="5" name="TestNG.GoogleSearchDataProviderAssertion" time="45.437" errors="0" timestamp="2024-05-11T22:10:22 IST" skipped="0">
  <testcase classname="TestNG.GoogleSearchDataProviderAssertion" name="search_polician" time="10.096"/>
  <system-out/>
  <testcase classname="TestNG.GoogleSearchDataProviderAssertion" name="search_polician" time="12.569"/>
  <system-out/>
  <testcase classname="TestNG.GoogleSearchDataProviderAssertion" name="search_polician" time="5.995"/>
  <system-out/>
  <testcase classname="TestNG.GoogleSearchDataProviderAssertion" name="search_polician" time="8.193"/>
  <system-out/>
  <testcase classname="TestNG.GoogleSearchDataProviderAssertion" name="search_polician" time="8.584"/>
  <system-out/>
</testsuite> <!-- TestNG.GoogleSearchDataProviderAssertion -->
