<?xml version="1.0" encoding="UTF-8"?>
<!-- Generated by org.testng.reporters.JUnitReportReporter -->
<testsuite hostname="Sarojpriya" failures="0" tests="3" name="TestNG.TestCase3" time="0.165" errors="0" timestamp="2024-05-10T16:40:39 IST" skipped="0">
  <testcase classname="TestNG.TestCase3" name="testcase1" time="0.053"/>
  <system-out/>
  <testcase classname="TestNG.TestCase3" name="testcase2" time="0.041"/>
  <system-out/>
  <testcase classname="TestNG.TestCase3" name="testcase3" time="0.071"/>
  <system-out/>
</testsuite> <!-- TestNG.TestCase3 -->
