<?xml version="1.0" encoding="UTF-8"?>
<!-- Generated by org.testng.reporters.JUnitReportReporter -->
<testsuite hostname="Sarojpriya" failures="0" tests="12" name="TestNG.InvocationCount_program" time="0.222" errors="0" timestamp="2024-05-03T07:05:41 IST" skipped="1">
  <testcase classname="TestNG.InvocationCount_program" name="method" time="0.006"/>
  <system-out/>
  <testcase classname="TestNG.InvocationCount_program" name="method" time="0.030"/>
  <system-out/>
  <testcase classname="TestNG.InvocationCount_program" name="method" time="0.004"/>
  <system-out/>
  <testcase classname="TestNG.InvocationCount_program" name="method" time="0.025"/>
  <system-out/>
  <testcase classname="TestNG.InvocationCount_program" name="method" time="0.023"/>
  <system-out/>
  <testcase classname="TestNG.InvocationCount_program" name="method" time="0.012"/>
  <system-out/>
  <testcase classname="TestNG.InvocationCount_program" name="method" time="0.044"/>
  <system-out/>
  <testcase classname="TestNG.InvocationCount_program" name="method" time="0.016"/>
  <system-out/>
  <testcase classname="TestNG.InvocationCount_program" name="method" time="0.011"/>
  <system-out/>
  <testcase classname="TestNG.InvocationCount_program" name="method" time="0.021"/>
  <system-out/>
  <testcase classname="TestNG.InvocationCount_program" name="method3" time="0.030"/>
  <system-out/>
  <testcase classname="TestNG.InvocationCount_program" name="method2">
    <skipped/>
  </testcase> <!-- method2 -->
  <system-out/>
</testsuite> <!-- TestNG.InvocationCount_program -->
