<?xml version="1.0" encoding="UTF-8"?>
<!-- Generated by org.testng.reporters.JUnitReportReporter -->
<testsuite hostname="Sarojpriya" failures="0" tests="2" name="TestNG.Testcase5" time="0.050" errors="0" timestamp="2024-05-20T23:25:04 IST" skipped="0">
  <testcase classname="TestNG.Testcase5" name="testcase1" time="0.027"/>
  <system-out/>
  <testcase classname="TestNG.Testcase5" name="testcase2" time="0.023"/>
  <system-out/>
</testsuite> <!-- TestNG.Testcase5 -->
