<?xml version="1.0" encoding="UTF-8"?>
<!-- Generated by org.testng.reporters.JUnitReportReporter -->
<testsuite hostname="Sarojpriya" failures="0" tests="3" name="TestNG.TestNGProgramm" time="159.495" errors="0" timestamp="2024-05-21T00:35:31 IST" skipped="0">
  <testcase classname="TestNG.TestNGProgramm" name="lunch_chrome" time="43.473"/>
  <system-out/>
  <testcase classname="TestNG.TestNGProgramm" name="lunch_chrome" time="51.443"/>
  <system-out/>
  <testcase classname="TestNG.TestNGProgramm" name="lunch_chrome" time="64.579"/>
  <system-out/>
</testsuite> <!-- TestNG.TestNGProgramm -->
