<?xml version="1.0" encoding="UTF-8"?>
<!-- Generated by org.testng.reporters.JUnitReportReporter -->
<testsuite hostname="Sarojpriya" failures="0" tests="1" name="TestNG.AssertusingAdd2Productan" time="15.677" errors="0" timestamp="2024-05-12T19:08:37 IST" skipped="0">
  <testcase classname="TestNG.AssertusingAdd2Productan" name="add_product" time="15.677"/>
  <system-out/>
</testsuite> <!-- TestNG.AssertusingAdd2Productan -->
